<html>
<body>
<pre>
<h1>µVision Build Log</h1>
<h2>Tool Versions:</h2>
IDE-Version: µVision V5.15
Copyright (C) 2015 ARM Ltd and ARM Germany GmbH. All rights reserved.
License Information: ECE-MCGILL MCGILL ECE-MCGILL Flex license: MDK-ARM Professional: 100 user(s) (mdk_pro) Operation stops: 1 Sep 2016
 
Tool Versions:
Toolchain:       MDK-ARM Professional: 100 user(s)  Version: 5.15.0
Toolchain Path:  C:\Keil_v5\ARM\ARMCC\Bin
C Compiler:      Armcc.exe V5.05 update 2 (build 169)
Assembler:       Armasm.exe V5.05 update 2 (build 169)
Linker/Locator:  ArmLink.exe V5.05 update 2 (build 169)
Library Manager: ArmAr.exe V5.05 update 2 (build 169)
Hex Converter:   FromElf.exe V5.05 update 2 (build 169)
CPU DLL:         SARMCM3.DLL V5.15.0
Dialog DLL:      DCM.DLL V1.13.2.0
Target DLL:      UL2CM3.DLL V1.155.8.0
Dialog DLL:      TCM.DLL V1.14.5.0
 
<h2>Project:</h2>
C:\zzz\MP426_Lab1\Lab1_STM32F4Cube_Base_project\Base_Project.uvprojx
Project File Date:  02/03/2016

<h2>Output:</h2>
*** Using Compiler 'V5.05 update 2 (build 169)', folder: 'C:\Keil_v5\ARM\ARMCC\Bin'
Rebuild target 'Lab 1'
compiling main.c...
Sources\main.c(33): warning:  #177-D: variable "kalmanState_asm" was declared but never referenced
        kalman_t kalmanState_asm, kalmanState_c;
Sources\main.c(34): warning:  #550-D: variable "out_arm" was set but never used
        dsp_t out_c, out_arm;
Sources\main.c(40): warning:  #177-D: variable "outputArray_asm" was declared but never referenced
        float outputArray_asm[ARRAY_LENGTH];
Sources\main.c(132): warning:  #550-D: variable "convolArray" was set but never used
        float convolArray[ARRAY_LENGTH];
Sources\main.c(200): error:  #79: expected a type specifier
        arm_status arm_mat_subf32(&outputArray, &inputArray, &diffArr);
Sources\main.c(200): error:  #79: expected a type specifier
        arm_status arm_mat_subf32(&outputArray, &inputArray, &diffArr);
Sources\main.c(200): error:  #79: expected a type specifier
        arm_status arm_mat_subf32(&outputArray, &inputArray, &diffArr);
Sources\main.c(195): warning:  #177-D: variable "i" was declared but never referenced
        int i;
Sources\main.c(198): warning:  #177-D: variable "diffArr" was declared but never referenced
        arm_matrix_instance_f32 diffArr[ARRAY_LENGTH];
Sources\main.c: 6 warnings, 3 errors
compiling fput_debug.c...
assembling Kalmanfilter_asm.s...
assembling testBench_asm.s...
testBench_asm.s(52): warning: A1581W: Added 2 bytes of padding at address 0x4a
assembling array1.s...
assembling startup_stm32f407xx.s...
compiling system_stm32f4xx.c...
".\Objects\Base_Project.axf" - 3 Error(s), 7 Warning(s).

<h2>Software Packages used:</h2>

Package Vendor: ARM
                http://www.keil.com/pack/ARM.CMSIS.4.5.0.pack
                ARM::CMSIS:CORE:4.3.0
                CMSIS (Cortex Microcontroller Software Interface Standard)
   * Component: CORE Version: 4.3.0
   * Component: DSP Version: 1.4.6

Package Vendor: Keil
                http://www.keil.com/pack/Keil.STM32F4xx_DFP.2.7.0.pack
                Keil::Device:Startup:2.4.2
                STMicroelectronics STM32F4 Series Device Support, Drivers and Examples
   * Component: Startup Version: 2.4.2

<h2>Collection of Component include folders:</h2>
  C:\zzz\MP426_Lab1\Lab1_STM32F4Cube_Base_project\RTE
  C:\Keil_v5\ARM\PACK\ARM\CMSIS\4.5.0\CMSIS\Include
  C:\Keil_v5\ARM\PACK\Keil\STM32F4xx_DFP\2.7.0\Drivers\CMSIS\Device\ST\STM32F4xx\Include

<h2>Collection of Component Files used:</h2>

   * Component: ARM::CMSIS:CORE:4.3.0

   * Component: ARM::CMSIS:DSP:1.4.6
      Include file:  CMSIS\Include\arm_math.h
      Library file:  CMSIS\Lib\ARM\arm_cortexM4lf_math.lib

   * Component: Keil::Device:Startup:2.4.2
      Source file:   MDK\Device\Source\ARM\STM32F40xxx_41xxx_OPT.s
      Source file:   MDK\Device\Source\ARM\STM32F4xx_OTP.s
      Include file:  Drivers\CMSIS\Device\ST\STM32F4xx\Include\stm32f4xx.h
      Source file:   Drivers\CMSIS\Device\ST\STM32F4xx\Source\Templates\arm\startup_stm32f407xx.s
      Source file:   Drivers\CMSIS\Device\ST\STM32F4xx\Source\Templates\system_stm32f4xx.c
Target not created.
</pre>
</body>
</html>
